#
# A fatal error has been detected by the Java Runtime Environment:
#
#  EXCEPTION_ACCESS_VIOLATION (0xc0000005) at pc=0x6d0b6b30, pid=22268, tid=29856
#
# JRE version: 6.0_24-b07
# Java VM: Java HotSpot(TM) Client VM (19.1-b02 mixed mode, sharing windows-x86 )
# Problematic frame:
# C  [awt.dll+0xb6b30]
#
# If you would like to submit a bug report, please visit:
#   http://java.sun.com/webapps/bugreport/crash.jsp
# The crash happened outside the Java Virtual Machine in native code.
# See problematic frame for where to report the bug.
#

---------------  T H R E A D  ---------------

Current thread (0x04a91400):  JavaThread "AWT-Windows" daemon [_thread_in_native, id=29856, stack(0x05570000,0x055c0000)]

siginfo: ExceptionCode=0xc0000005, reading address 0x00000000

Registers:
EAX=0x055bf8c8, EBX=0x047688c8, ECX=0x000002ac, EDX=0x000000c0
ESP=0x055bf8b0, EBP=0x74d21450, ESI=0x00000000, EDI=0x000000c0
EIP=0x6d0b6b30, EFLAGS=0x00010206

Register to memory mapping:

EAX=0x055bf8c8
0x055bf8c8 is pointing into the stack for thread: 0x04a91400
"AWT-Windows" daemon prio=6 tid=0x04a91400 nid=0x74a0 runnable [0x055bf000]
   java.lang.Thread.State: RUNNABLE

EBX=0x047688c8
0x047688c8 is pointing to unknown location

ECX=0x000002ac
0x000002ac is pointing to unknown location

EDX=0x000000c0
0x000000c0 is pointing to unknown location

ESP=0x055bf8b0
0x055bf8b0 is pointing into the stack for thread: 0x04a91400
"AWT-Windows" daemon prio=6 tid=0x04a91400 nid=0x74a0 runnable [0x055bf000]
   java.lang.Thread.State: RUNNABLE

EBP=0x74d21450
0x74d21450 is pointing to unknown location

ESI=0x00000000
0x00000000 is pointing to unknown location

EDI=0x000000c0
0x000000c0 is pointing to unknown location


Top of Stack: (sp=0x055bf8b0)
0x055bf8b0:   055bf8c8 00001000 00000000 01cb3658
0x055bf8c0:   00000001 71d11e4b 0576aea0 6d0ae4fd
0x055bf8d0:   00000000 0000000c 01cb3658 6d0ae5ca
0x055bf8e0:   0000000c 01cb3658 00000001 6d0ae6ce
0x055bf8f0:   01cb3658 6d063812 04a91970 00000001
0x055bf900:   6d0b0630 00000001 6d102f58 6d102940
0x055bf910:   04a91970 6d0b1a32 6d102f50 6d0b1c19
0x055bf920:   6d09a4b3 00000000 000074a0 00000000 

Instructions: (pc=0x6d0b6b30)
0x6d0b6b20:   05 00 20 00 00 50 c1 e2 05 8d 44 24 14 50 8b fa
0x6d0b6b30:   8b 16 57 c1 e1 05 51 56 ff 52 2c 85 c0 0f 8c 93 


Stack: [0x05570000,0x055c0000],  sp=0x055bf8b0,  free space=318k
Native frames: (J=compiled Java code, j=interpreted, Vv=VM code, C=native code)
C  [awt.dll+0xb6b30]

Java frames: (J=compiled Java code, j=interpreted, Vv=VM code)
j  sun.awt.windows.WToolkit.eventLoop()V+0
j  sun.awt.windows.WToolkit.run()V+52
j  java.lang.Thread.run()V+11
v  ~StubRoutines::call_stub

---------------  P R O C E S S  ---------------

Java Threads: ( => current thread )
  0x04ccb000 JavaThread "Thread-1" daemon [_thread_in_native, id=25640, stack(0x06360000,0x063b0000)]
  0x04cc9c00 JavaThread "CritiquingThread" daemon [_thread_blocked, id=40056, stack(0x0c590000,0x0c5e0000)]
  0x04cc9800 JavaThread "DestroyJavaVM" [_thread_blocked, id=23960, stack(0x003a0000,0x003f0000)]
  0x04cc8c00 JavaThread "TimerQueue" daemon [_thread_blocked, id=41712, stack(0x09f10000,0x09f60000)]
  0x091a2000 JavaThread "Argo-ToDoValidityCheckingThread" daemon [_thread_blocked, id=19388, stack(0x09df0000,0x09e40000)]
  0x04c13c00 JavaThread "MDR event dispatcher" daemon [_thread_blocked, id=41708, stack(0x09110000,0x09160000)]
  0x04c1ec00 JavaThread "Active Reference Queue Daemon" daemon [_thread_blocked, id=39332, stack(0x09080000,0x090d0000)]
  0x04c09800 JavaThread "AWT-EventQueue-0" [_thread_blocked, id=32144, stack(0x08630000,0x08680000)]
=>0x04a91400 JavaThread "AWT-Windows" daemon [_thread_in_native, id=29856, stack(0x05570000,0x055c0000)]
  0x04a90c00 JavaThread "AWT-Shutdown" [_thread_blocked, id=25492, stack(0x05520000,0x05570000)]
  0x04a90400 JavaThread "Java2D Disposer" daemon [_thread_blocked, id=20308, stack(0x051b0000,0x05200000)]
  0x01d24c00 JavaThread "Low Memory Detector" daemon [_thread_blocked, id=41792, stack(0x04680000,0x046d0000)]
  0x01d1c800 JavaThread "CompilerThread0" daemon [_thread_blocked, id=15772, stack(0x045f0000,0x04640000)]
  0x01d1b800 JavaThread "Attach Listener" daemon [_thread_blocked, id=25960, stack(0x04560000,0x045b0000)]
  0x01d18000 JavaThread "Signal Dispatcher" daemon [_thread_blocked, id=27452, stack(0x044d0000,0x04520000)]
  0x01d0a000 JavaThread "Finalizer" daemon [_thread_blocked, id=15540, stack(0x04440000,0x04490000)]
  0x01d08800 JavaThread "Reference Handler" daemon [_thread_blocked, id=5568, stack(0x043b0000,0x04400000)]

Other Threads:
  0x01cccc00 VMThread [stack: 0x04320000,0x04370000] [id=29140]
  0x01d2ec00 WatcherThread [stack: 0x04710000,0x04760000] [id=40316]

VM state:not at safepoint (normal execution)

VM Mutex/Monitor currently owned by a thread: None

Heap
 def new generation   total 19712K, used 8549K [0x14570000, 0x15ad0000, 0x1f010000)
  eden space 17536K,  48% used [0x14570000, 0x14dc6c88, 0x15690000)
  from space 2176K,   0% used [0x158b0000, 0x158b2938, 0x15ad0000)
  to   space 2176K,   0% used [0x15690000, 0x15690000, 0x158b0000)
 tenured generation   total 43712K, used 26177K [0x1f010000, 0x21ac0000, 0x34570000)
   the space 43712K,  59% used [0x1f010000, 0x209a0458, 0x209a0600, 0x21ac0000)
 compacting perm gen  total 20224K, used 20031K [0x34570000, 0x35930000, 0x38570000)
   the space 20224K,  99% used [0x34570000, 0x358ffdf0, 0x358ffe00, 0x35930000)
    ro space 10240K,  51% used [0x38570000, 0x38a9cf58, 0x38a9d000, 0x38f70000)
    rw space 12288K,  54% used [0x38f70000, 0x39608f50, 0x39609000, 0x39b70000)

Dynamic libraries:
0x00400000 - 0x00424000 	C:\Program Files (x86)\Java\jre6\bin\javaw.exe
0x774e0000 - 0x77660000 	C:\Windows\SysWOW64\ntdll.dll
0x74d10000 - 0x74e20000 	C:\Windows\syswow64\kernel32.dll
0x74e20000 - 0x74e66000 	C:\Windows\syswow64\KERNELBASE.dll
0x76b80000 - 0x76c20000 	C:\Windows\syswow64\ADVAPI32.dll
0x756e0000 - 0x7578c000 	C:\Windows\syswow64\msvcrt.dll
0x75b60000 - 0x75b79000 	C:\Windows\SysWOW64\sechost.dll
0x74c20000 - 0x74d10000 	C:\Windows\syswow64\RPCRT4.dll
0x74bc0000 - 0x74c20000 	C:\Windows\syswow64\SspiCli.dll
0x74bb0000 - 0x74bbc000 	C:\Windows\syswow64\CRYPTBASE.dll
0x75170000 - 0x75270000 	C:\Windows\syswow64\USER32.dll
0x75cf0000 - 0x75d80000 	C:\Windows\syswow64\GDI32.dll
0x75440000 - 0x7544a000 	C:\Windows\syswow64\LPK.dll
0x75790000 - 0x7582d000 	C:\Windows\syswow64\USP10.dll
0x76aa0000 - 0x76b00000 	C:\Windows\system32\IMM32.DLL
0x75d80000 - 0x75e4c000 	C:\Windows\syswow64\MSCTF.dll
0x7c340000 - 0x7c396000 	C:\Program Files (x86)\Java\jre6\bin\msvcr71.dll
0x6d7f0000 - 0x6da96000 	C:\Program Files (x86)\Java\jre6\bin\client\jvm.dll
0x74400000 - 0x74432000 	C:\Windows\system32\WINMM.dll
0x72410000 - 0x7245c000 	C:\Windows\system32\apphelp.dll
0x6d7a0000 - 0x6d7ac000 	C:\Program Files (x86)\Java\jre6\bin\verify.dll
0x6d320000 - 0x6d33f000 	C:\Program Files (x86)\Java\jre6\bin\java.dll
0x6d280000 - 0x6d288000 	C:\Program Files (x86)\Java\jre6\bin\hpi.dll
0x75ce0000 - 0x75ce5000 	C:\Windows\syswow64\PSAPI.DLL
0x6d7e0000 - 0x6d7ef000 	C:\Program Files (x86)\Java\jre6\bin\zip.dll
0x6d600000 - 0x6d613000 	C:\Program Files (x86)\Java\jre6\bin\net.dll
0x75a70000 - 0x75aa5000 	C:\Windows\syswow64\WS2_32.dll
0x75890000 - 0x75896000 	C:\Windows\syswow64\NSI.dll
0x740d0000 - 0x7410c000 	C:\Windows\system32\mswsock.dll
0x73230000 - 0x73236000 	C:\Windows\System32\wship6.dll
0x73830000 - 0x73840000 	C:\Windows\system32\NLAapi.dll
0x73820000 - 0x73830000 	C:\Windows\system32\napinsp.dll
0x73800000 - 0x73812000 	C:\Windows\system32\pnrpnsp.dll
0x737b0000 - 0x737f4000 	C:\Windows\system32\DNSAPI.dll
0x737a0000 - 0x737a8000 	C:\Windows\System32\winrnr.dll
0x73770000 - 0x73797000 	C:\Program Files (x86)\Common Files\Microsoft Shared\Windows Live\WLIDNSP.DLL
0x75450000 - 0x754a7000 	C:\Windows\syswow64\SHLWAPI.dll
0x73740000 - 0x73761000 	C:\Program Files (x86)\Bonjour\mdnsNSP.dll
0x73d80000 - 0x73d9c000 	C:\Windows\system32\Iphlpapi.DLL
0x73d70000 - 0x73d77000 	C:\Windows\system32\WINNSI.DLL
0x740c0000 - 0x740c5000 	C:\Windows\System32\wshtcpip.dll
0x736f0000 - 0x736f6000 	C:\Windows\system32\rasadhlp.dll
0x73700000 - 0x73738000 	C:\Windows\System32\fwpuclnt.dll
0x6d000000 - 0x6d14a000 	C:\Program Files (x86)\Java\jre6\bin\awt.dll
0x74a80000 - 0x74ad1000 	C:\Windows\system32\WINSPOOL.DRV
0x75b80000 - 0x75cdc000 	C:\Windows\syswow64\ole32.dll
0x73090000 - 0x7322e000 	C:\Windows\WinSxS\x86_microsoft.windows.common-controls_6595b64144ccf1df_6.0.7601.17514_none_41e6975e2bd6f2b2\COMCTL32.dll
0x70c80000 - 0x70c93000 	C:\Windows\system32\DWMAPI.DLL
0x70ca0000 - 0x70d20000 	C:\Windows\system32\uxtheme.dll
0x746f0000 - 0x74793000 	C:\Windows\WinSxS\x86_microsoft.vc90.crt_1fc8b3b9a1e18e3b_9.0.30729.6161_none_50934f2ebcb7eb57\MSVCR90.dll
0x75e50000 - 0x76a9a000 	C:\Windows\syswow64\SHELL32.dll
0x67890000 - 0x67899000 	C:\Program Files (x86)\Common Files\Spigot\Search Settings\wth.dll
0x6d230000 - 0x6d27f000 	C:\Program Files (x86)\Java\jre6\bin\fontmanager.dll
0x71cf0000 - 0x71eb3000 	C:\Windows\system32\d3d9.dll
0x74ae0000 - 0x74ae9000 	C:\Windows\system32\VERSION.dll
0x72fa0000 - 0x72fa6000 	C:\Windows\system32\d3d8thk.dll
0x62b20000 - 0x639d0000 	C:\Windows\system32\nvd3dum.dll
0x71cc0000 - 0x71ce5000 	C:\Windows\system32\powrprof.dll
0x758d0000 - 0x75a6d000 	C:\Windows\syswow64\SETUPAPI.dll
0x758a0000 - 0x758c7000 	C:\Windows\syswow64\CFGMGR32.dll
0x74e70000 - 0x74eff000 	C:\Windows\syswow64\OLEAUT32.dll
0x75b40000 - 0x75b52000 	C:\Windows\syswow64\DEVOBJ.dll
0x6d620000 - 0x6d629000 	C:\Program Files (x86)\Java\jre6\bin\nio.dll
0x6d1a0000 - 0x6d1c3000 	C:\Program Files (x86)\Java\jre6\bin\dcpr.dll
0x73950000 - 0x73966000 	C:\Windows\system32\CRYPTSP.dll
0x73910000 - 0x7394b000 	C:\Windows\system32\rsaenh.dll
0x74140000 - 0x74157000 	C:\Windows\system32\USERENV.dll
0x741a0000 - 0x741ab000 	C:\Windows\system32\profapi.dll
0x10000000 - 0x10019000 	C:\Program Files (x86)\DisplayFusion\Hooks\AppHookx86_FC63424E-8A9F-4559-80C4-7471E65A5C34.dll
0x6d560000 - 0x6d5f3000 	C:\Program Files (x86)\Java\jre6\bin\mlib_image.dll
0x71720000 - 0x71729000 	C:\ProgramData\Real\RealPlayer\BrowserRecordPlugin\Chrome\Hook\rpchrome150browserrecordhelper.dll

VM Arguments:
jvm_args: -Xms64m -Xmx512m 
java_command: C:\Program Files (x86)\ArgoUML\argouml.jar C:\Users\Charles Lu\Documents\My Git\2012S_FPProject\Miscellaneous\FloorplanUML.zargo
Launcher Type: SUN_STANDARD

Environment Variables:
CLASSPATH=.;C:\Program Files (x86)\Java\jre6\lib\ext\QTJava.zip
PATH=C:\Program Files (x86)\NVIDIA Corporation\PhysX\Common;C:\Program Files (x86)\PHP\;C:\Program Files\Common Files\Microsoft Shared\Windows Live;C:\Program Files (x86)\Common Files\Microsoft Shared\Windows Live;C:\Windows\system32;C:\Windows;C:\Windows\System32\Wbem;C:\Windows\System32\WindowsPowerShell\v1.0\;C:\Program Files (x86)\Windows Live\Shared;C:\Program Files (x86)\QuickTime\QTSystem\;C:\Program Files\TortoiseGit\bin;C:\Program Files (x86)\Git\cmd
USERNAME=Charles Lu
OS=Windows_NT
PROCESSOR_IDENTIFIER=Intel64 Family 6 Model 30 Stepping 5, GenuineIntel



---------------  S Y S T E M  ---------------

OS: Windows 7 Build 7601 Service Pack 1

CPU:total 4 (4 cores per cpu, 1 threads per core) family 6 model 30 stepping 5, cmov, cx8, fxsr, mmx, sse, sse2, sse3, ssse3, sse4.1, sse4.2, popcnt

Memory: 4k page, physical 4185144k(1433052k free), swap 9890496k(3585048k free)

vm_info: Java HotSpot(TM) Client VM (19.1-b02) for windows-x86 JRE (1.6.0_24-b07), built on Feb  2 2011 17:44:41 by "java_re" with MS VC++ 7.1 (VS2003)

time: Wed Aug 08 19:05:04 2012
elapsed time: 589441 seconds

